TN:
SF:src/lib/config/expand-config.ts
FN:4,expandConfig
FN:25,fillTemplate
FNF:2
FNH:2
FNDA:4,expandConfig
FNDA:1,fillTemplate
DA:1,1
DA:2,1
DA:3,1
DA:4,4
DA:5,4
DA:6,4
DA:7,4
DA:8,4
DA:9,4
DA:10,4
DA:11,4
DA:12,4
DA:13,4
DA:14,4
DA:15,4
DA:16,4
DA:17,4
DA:18,1
DA:19,1
DA:20,4
DA:21,4
DA:22,4
DA:23,4
DA:24,1
DA:25,1
DA:26,1
DA:27,1
DA:28,1
DA:29,1
DA:30,1
DA:31,1
LF:31
LH:31
BRDA:4,0,0,4
BRDA:8,1,0,4
BRDA:10,2,0,3
BRDA:14,3,0,2
BRDA:14,4,0,2
BRDA:17,5,0,1
BRDA:25,6,0,1
BRDA:30,7,0,1
BRF:8
BRH:8
end_of_record
TN:
SF:src/lib/config/load-config.ts
FN:9,loadConfig
FNF:1
FNH:1
FNDA:2,loadConfig
DA:1,1
DA:2,1
DA:3,1
DA:4,1
DA:5,1
DA:6,1
DA:7,1
DA:8,1
DA:9,2
DA:10,2
DA:11,2
DA:12,2
DA:13,2
DA:14,2
DA:15,2
DA:16,2
DA:17,2
DA:18,2
DA:19,2
LF:19
LH:19
BRDA:9,0,0,2
BRF:1
BRH:1
end_of_record
TN:
SF:src/lib/models/config.ts
FN:3,Config
FNF:1
FNH:1
FNDA:5,Config
DA:1,1
DA:2,1
DA:3,5
DA:4,5
DA:5,5
DA:6,5
DA:7,5
DA:8,5
DA:9,5
LF:9
LH:9
BRDA:3,0,0,2
BRDA:3,1,0,5
BRF:2
BRH:2
end_of_record
TN:
SF:src/lib/models/index.ts
FN:1,get
FN:3,get
FNF:2
FNH:1
FNDA:6,get
FNDA:0,get
DA:1,1
DA:2,1
DA:3,1
LF:3
LH:3
BRDA:1,0,0,6
BRF:1
BRH:1
end_of_record
TN:
SF:src/lib/models/tool-config.ts
FN:4,ToolInstallConfig
FNF:1
FNH:0
FNDA:0,ToolInstallConfig
DA:1,1
DA:2,1
DA:3,1
DA:4,0
DA:5,0
DA:6,0
DA:7,0
DA:8,0
DA:9,0
DA:10,0
DA:11,0
DA:12,0
DA:13,0
DA:14,0
DA:15,0
DA:16,0
DA:17,0
DA:18,0
DA:19,0
LF:19
LH:3
BRDA:4,0,0,2
BRF:1
BRH:1
end_of_record
